<?xml version="1.0" encoding="UTF-8"?>
<robot generator="Robot 5.0.1 (Python 3.10.5 on win32)" generated="20220728 20:27:46.730" rpa="false" schemaversion="3">
<suite id="s1" name="exercicioVariaveis" source="C:\temp\TreinamentoRobot\sankhya_treinamento_robot_framework\exercicioVariaveis.robot">
<test id="s1-t1" name="Teste de variavel do tipo lista" line="13">
<kw name="Catenate" library="BuiltIn">
<var>${log}</var>
<arg>\n Eu gosto de ${frutas[0]}</arg>
<doc>Catenates the given items together and returns the resulted string.</doc>
<msg timestamp="20220728 20:27:46.756" level="INFO">${log} = 
 Eu gosto de morango</msg>
<status status="PASS" starttime="20220728 20:27:46.756" endtime="20220728 20:27:46.756"/>
</kw>
<kw name="Log To Console" library="BuiltIn">
<arg>${log}</arg>
<doc>Logs the given message to the console.</doc>
<status status="PASS" starttime="20220728 20:27:46.757" endtime="20220728 20:27:46.757"/>
</kw>
<kw name="Catenate" library="BuiltIn">
<var>${log}</var>
<arg>\n Eu gosto de ${frutas[1]}</arg>
<doc>Catenates the given items together and returns the resulted string.</doc>
<msg timestamp="20220728 20:27:46.759" level="INFO">${log} = 
 Eu gosto de banana</msg>
<status status="PASS" starttime="20220728 20:27:46.758" endtime="20220728 20:27:46.759"/>
</kw>
<kw name="Log To Console" library="BuiltIn">
<arg>${log}</arg>
<doc>Logs the given message to the console.</doc>
<status status="PASS" starttime="20220728 20:27:46.759" endtime="20220728 20:27:46.760"/>
</kw>
<kw name="Catenate" library="BuiltIn">
<var>${log}</var>
<arg>\n Eu gosto de ${frutas[2]}</arg>
<doc>Catenates the given items together and returns the resulted string.</doc>
<msg timestamp="20220728 20:27:46.761" level="INFO">${log} = 
 Eu gosto de maça</msg>
<status status="PASS" starttime="20220728 20:27:46.760" endtime="20220728 20:27:46.761"/>
</kw>
<kw name="Log To Console" library="BuiltIn">
<arg>${log}</arg>
<doc>Logs the given message to the console.</doc>
<status status="PASS" starttime="20220728 20:27:46.761" endtime="20220728 20:27:46.762"/>
</kw>
<kw name="Catenate" library="BuiltIn">
<var>${log}</var>
<arg>\n Eu gosto de ${frutas[3]}</arg>
<doc>Catenates the given items together and returns the resulted string.</doc>
<msg timestamp="20220728 20:27:46.762" level="INFO">${log} = 
 Eu gosto de uva</msg>
<status status="PASS" starttime="20220728 20:27:46.762" endtime="20220728 20:27:46.763"/>
</kw>
<kw name="Log To Console" library="BuiltIn">
<arg>${log}</arg>
<doc>Logs the given message to the console.</doc>
<status status="PASS" starttime="20220728 20:27:46.763" endtime="20220728 20:27:46.764"/>
</kw>
<kw name="Catenate" library="BuiltIn">
<var>${log}</var>
<arg>\n Eu gosto de ${frutas[4]}</arg>
<doc>Catenates the given items together and returns the resulted string.</doc>
<msg timestamp="20220728 20:27:46.765" level="INFO">${log} = 
 Eu gosto de abacaxi</msg>
<status status="PASS" starttime="20220728 20:27:46.764" endtime="20220728 20:27:46.765"/>
</kw>
<kw name="Log To Console" library="BuiltIn">
<arg>${log}</arg>
<doc>Logs the given message to the console.</doc>
<status status="PASS" starttime="20220728 20:27:46.765" endtime="20220728 20:27:46.766"/>
</kw>
<tag>variavelLista</tag>
<status status="PASS" starttime="20220728 20:27:46.755" endtime="20220728 20:27:46.766"/>
</test>
<test id="s1-t2" name="Teste de variavel do dicionario linha a linha" line="26">
<kw name="Catenate" library="BuiltIn">
<var>${log}</var>
<arg>\n Nome: ${pessoa.nome}</arg>
<doc>Catenates the given items together and returns the resulted string.</doc>
<msg timestamp="20220728 20:27:46.768" level="INFO">${log} = 
 Nome: Filipe</msg>
<status status="PASS" starttime="20220728 20:27:46.768" endtime="20220728 20:27:46.769"/>
</kw>
<kw name="Log To Console" library="BuiltIn">
<arg>${log}</arg>
<doc>Logs the given message to the console.</doc>
<status status="PASS" starttime="20220728 20:27:46.769" endtime="20220728 20:27:46.769"/>
</kw>
<kw name="Catenate" library="BuiltIn">
<var>${log}</var>
<arg>\n Email: ${pessoa.email}</arg>
<doc>Catenates the given items together and returns the resulted string.</doc>
<msg timestamp="20220728 20:27:46.771" level="INFO">${log} = 
 Email: filipe.campos@sankhya.com.br</msg>
<status status="PASS" starttime="20220728 20:27:46.770" endtime="20220728 20:27:46.771"/>
</kw>
<kw name="Log To Console" library="BuiltIn">
<arg>${log}</arg>
<doc>Logs the given message to the console.</doc>
<status status="PASS" starttime="20220728 20:27:46.771" endtime="20220728 20:27:46.772"/>
</kw>
<kw name="Catenate" library="BuiltIn">
<var>${log}</var>
<arg>\n Idade: ${pessoa.idade}</arg>
<doc>Catenates the given items together and returns the resulted string.</doc>
<msg timestamp="20220728 20:27:46.773" level="INFO">${log} = 
 Idade: 30</msg>
<status status="PASS" starttime="20220728 20:27:46.772" endtime="20220728 20:27:46.773"/>
</kw>
<kw name="Log To Console" library="BuiltIn">
<arg>${log}</arg>
<doc>Logs the given message to the console.</doc>
<status status="PASS" starttime="20220728 20:27:46.773" endtime="20220728 20:27:46.775"/>
</kw>
<kw name="Catenate" library="BuiltIn">
<var>${log}</var>
<arg>\n Sexo: ${pessoa.sexo}</arg>
<doc>Catenates the given items together and returns the resulted string.</doc>
<msg timestamp="20220728 20:27:46.776" level="INFO">${log} = 
 Sexo: masculino</msg>
<status status="PASS" starttime="20220728 20:27:46.775" endtime="20220728 20:27:46.776"/>
</kw>
<kw name="Log To Console" library="BuiltIn">
<arg>${log}</arg>
<doc>Logs the given message to the console.</doc>
<status status="PASS" starttime="20220728 20:27:46.776" endtime="20220728 20:27:46.777"/>
</kw>
<kw name="Catenate" library="BuiltIn">
<var>${log}</var>
<arg>\n Cor: ${pessoa.cor}</arg>
<doc>Catenates the given items together and returns the resulted string.</doc>
<msg timestamp="20220728 20:27:46.778" level="INFO">${log} = 
 Cor: verde</msg>
<status status="PASS" starttime="20220728 20:27:46.777" endtime="20220728 20:27:46.778"/>
</kw>
<kw name="Log To Console" library="BuiltIn">
<arg>${log}</arg>
<doc>Logs the given message to the console.</doc>
<status status="PASS" starttime="20220728 20:27:46.779" endtime="20220728 20:27:46.779"/>
</kw>
<kw name="Catenate" library="BuiltIn">
<var>${log}</var>
<arg>\n Preferencia: ${pessoa.preferencia}</arg>
<doc>Catenates the given items together and returns the resulted string.</doc>
<msg timestamp="20220728 20:27:46.780" level="INFO">${log} = 
 Preferencia: filmes</msg>
<status status="PASS" starttime="20220728 20:27:46.780" endtime="20220728 20:27:46.780"/>
</kw>
<kw name="Log To Console" library="BuiltIn">
<arg>${log}</arg>
<doc>Logs the given message to the console.</doc>
<status status="PASS" starttime="20220728 20:27:46.781" endtime="20220728 20:27:46.781"/>
</kw>
<tag>variaveDicionarioLinha</tag>
<status status="PASS" starttime="20220728 20:27:46.767" endtime="20220728 20:27:46.782"/>
</test>
<test id="s1-t3" name="Teste de variavel do dicionario concatenado" line="41">
<kw name="Catenate" library="BuiltIn">
<var>${log}</var>
<arg>\n Nome: ${pessoa.nome}, Email: ${pessoa.email}, Idade: ${pessoa.idade}, exo: ${pessoa.sexo}, Cor: ${pessoa.cor}, Preferencia: ${pessoa.preferencia}</arg>
<doc>Catenates the given items together and returns the resulted string.</doc>
<msg timestamp="20220728 20:27:46.785" level="INFO">${log} = 
 Nome: Filipe, Email: filipe.campos@sankhya.com.br, Idade: 30, exo: masculino, Cor: verde, Preferencia: filmes</msg>
<status status="PASS" starttime="20220728 20:27:46.782" endtime="20220728 20:27:46.785"/>
</kw>
<kw name="Log To Console" library="BuiltIn">
<arg>${log}</arg>
<doc>Logs the given message to the console.</doc>
<status status="PASS" starttime="20220728 20:27:46.785" endtime="20220728 20:27:46.786"/>
</kw>
<tag>variaveDicionarioConcat</tag>
<status status="PASS" starttime="20220728 20:27:46.782" endtime="20220728 20:27:46.786"/>
</test>
<status status="PASS" starttime="20220728 20:27:46.731" endtime="20220728 20:27:46.787"/>
</suite>
<statistics>
<total>
<stat pass="3" fail="0" skip="0">All Tests</stat>
</total>
<tag>
<stat pass="1" fail="0" skip="0">variaveDicionarioConcat</stat>
<stat pass="1" fail="0" skip="0">variaveDicionarioLinha</stat>
<stat pass="1" fail="0" skip="0">variavelLista</stat>
</tag>
<suite>
<stat pass="3" fail="0" skip="0" id="s1" name="exercicioVariaveis">exercicioVariaveis</stat>
</suite>
</statistics>
<errors>
</errors>
</robot>
