<?xml version="1.0" encoding="UTF-8"?>
<robot generator="Robot 5.0.1 (Python 3.10.5 on win32)" generated="20220801 19:27:35.928" rpa="false" schemaversion="3">
<suite id="s1" name="Sankhya Treinamento Robot Framework" source="C:\temp\TreinamentoRobot\sankhya_treinamento_robot_framework">
<suite id="s1-s1" name="Test" source="C:\temp\TreinamentoRobot\sankhya_treinamento_robot_framework\test">
<suite id="s1-s1-s1" name="Setup Teardown" source="C:\temp\TreinamentoRobot\sankhya_treinamento_robot_framework\test\setup_teardown.robot">
<kw name="setup da minha suite de teste" library="resource" type="SETUP">
<kw name="Log To Console" library="BuiltIn">
<arg>\n\n Executa ANTES de TODA suite \n\n</arg>
<doc>Logs the given message to the console.</doc>
<status status="PASS" starttime="20220801 19:27:35.968" endtime="20220801 19:27:35.970"/>
</kw>
<status status="PASS" starttime="20220801 19:27:35.968" endtime="20220801 19:27:35.971"/>
</kw>
<test id="s1-s1-s1-t1" name="login do sistema" line="11">
<kw name="setup do teste" library="resource" type="SETUP">
<kw name="Log To Console" library="BuiltIn">
<arg>\n\n Executa ANTES de CADA teste \n\n</arg>
<doc>Logs the given message to the console.</doc>
<status status="PASS" starttime="20220801 19:27:35.973" endtime="20220801 19:27:35.975"/>
</kw>
<status status="PASS" starttime="20220801 19:27:35.973" endtime="20220801 19:27:35.975"/>
</kw>
<kw name="Log To Console" library="BuiltIn">
<arg>\n\n Fazendo o login \n\n</arg>
<doc>Logs the given message to the console.</doc>
<status status="PASS" starttime="20220801 19:27:35.975" endtime="20220801 19:27:35.976"/>
</kw>
<kw name="teardown do teste" library="resource" type="TEARDOWN">
<kw name="Log To Console" library="BuiltIn">
<arg>\n\n Executa DEPOIS de CADA teste \n\n</arg>
<doc>Logs the given message to the console.</doc>
<status status="PASS" starttime="20220801 19:27:35.978" endtime="20220801 19:27:35.980"/>
</kw>
<status status="PASS" starttime="20220801 19:27:35.977" endtime="20220801 19:27:35.980"/>
</kw>
<status status="PASS" starttime="20220801 19:27:35.971" endtime="20220801 19:27:35.980"/>
</test>
<test id="s1-s1-s1-t2" name="cenario de compra" line="16">
<kw name="setup do teste" library="resource" type="SETUP">
<kw name="Log To Console" library="BuiltIn">
<arg>\n\n Executa ANTES de CADA teste \n\n</arg>
<doc>Logs the given message to the console.</doc>
<status status="PASS" starttime="20220801 19:27:35.984" endtime="20220801 19:27:35.985"/>
</kw>
<status status="PASS" starttime="20220801 19:27:35.984" endtime="20220801 19:27:35.985"/>
</kw>
<kw name="Log To Console" library="BuiltIn">
<arg>\n\n Fazendo um pedido de compra \n\n</arg>
<doc>Logs the given message to the console.</doc>
<status status="PASS" starttime="20220801 19:27:35.986" endtime="20220801 19:27:35.988"/>
</kw>
<kw name="teardown do teste" library="resource" type="TEARDOWN">
<kw name="Log To Console" library="BuiltIn">
<arg>\n\n Executa DEPOIS de CADA teste \n\n</arg>
<doc>Logs the given message to the console.</doc>
<status status="PASS" starttime="20220801 19:27:35.989" endtime="20220801 19:27:35.990"/>
</kw>
<status status="PASS" starttime="20220801 19:27:35.988" endtime="20220801 19:27:35.990"/>
</kw>
<status status="PASS" starttime="20220801 19:27:35.982" endtime="20220801 19:27:35.991"/>
</test>
<kw name="teardown da minha suite de teste" library="resource" type="TEARDOWN">
<kw name="Log To Console" library="BuiltIn">
<arg>\n\n Executa DEPOIS de TODA suite de teste \n\n</arg>
<doc>Logs the given message to the console.</doc>
<status status="PASS" starttime="20220801 19:27:35.995" endtime="20220801 19:27:35.996"/>
</kw>
<status status="PASS" starttime="20220801 19:27:35.994" endtime="20220801 19:27:35.996"/>
</kw>
<status status="PASS" starttime="20220801 19:27:35.962" endtime="20220801 19:27:35.996"/>
</suite>
<status status="PASS" starttime="20220801 19:27:35.959" endtime="20220801 19:27:35.999"/>
</suite>
<status status="PASS" starttime="20220801 19:27:35.933" endtime="20220801 19:27:36.004"/>
</suite>
<statistics>
<total>
<stat pass="2" fail="0" skip="0">All Tests</stat>
</total>
<tag>
</tag>
<suite>
<stat pass="2" fail="0" skip="0" id="s1" name="Sankhya Treinamento Robot Framework">Sankhya Treinamento Robot Framework</stat>
<stat pass="2" fail="0" skip="0" id="s1-s1" name="Test">Sankhya Treinamento Robot Framework.Test</stat>
<stat pass="2" fail="0" skip="0" id="s1-s1-s1" name="Setup Teardown">Sankhya Treinamento Robot Framework.Test.Setup Teardown</stat>
</suite>
</statistics>
<errors>
</errors>
</robot>
