<?xml version="1.0" encoding="UTF-8"?>
<robot generator="Robot 5.0.1 (Python 3.10.5 on win32)" generated="20220803 21:28:33.721" rpa="false" schemaversion="3">
<suite id="s1" name="Sankhya Treinamento Robot Framework" source="C:\temp\TreinamentoRobot\sankhya_treinamento_robot_framework">
<suite id="s1-s1" name="Test" source="C:\temp\TreinamentoRobot\sankhya_treinamento_robot_framework\test">
<suite id="s1-s1-s1" name="Api Sankhya" source="C:\temp\TreinamentoRobot\sankhya_treinamento_robot_framework\test\api_sankhya.robot">
<test id="s1-s1-s1-t1" name="Criar um pedido" line="12">
<kw name="Dado que eu estou logado" library="api_sankhya">
<kw name="Dado que tem as configuracoes da requisicao" library="api_sankhya">
<kw name="Get File" library="OperatingSystem">
<var>${payload_string}</var>
<arg>./resource/api/login.json</arg>
<doc>Returns the contents of a specified file.</doc>
<msg timestamp="20220803 21:28:35.601" level="INFO" html="true">Getting file '&lt;a href="file://C:\temp\TreinamentoRobot\sankhya_treinamento_robot_framework\resource\api\login.json"&gt;C:\temp\TreinamentoRobot\sankhya_treinamento_robot_framework\resource\api\login.json&lt;/a&gt;'.</msg>
<msg timestamp="20220803 21:28:35.603" level="INFO">${payload_string} = {
    "serviceName": "MobileLoginSP.login",
       "requestBody": {
            "NOMUSU": {
                "$": "sup"
            },
            "INTERNO":{
               "$":"atacado"
            }...</msg>
<status status="PASS" starttime="20220803 21:28:35.442" endtime="20220803 21:28:35.604"/>
</kw>
<kw name="Create Dictionary" library="BuiltIn">
<var>${params}</var>
<arg>serviceName=MobileLoginSP.login</arg>
<arg>outputType=json</arg>
<doc>Creates and returns a dictionary based on the given ``items``.</doc>
<msg timestamp="20220803 21:28:35.757" level="INFO">${params} = {'serviceName': 'MobileLoginSP.login', 'outputType': 'json'}</msg>
<status status="PASS" starttime="20220803 21:28:35.604" endtime="20220803 21:28:35.757"/>
</kw>
<kw name="Catenate" library="BuiltIn">
<var>${end_point}</var>
<arg>${url_base}${path_params.geral}</arg>
<doc>Catenates the given items together and returns the resulted string.</doc>
<msg timestamp="20220803 21:28:35.882" level="INFO">${end_point} = https://atacadistriborclhd411.qa.sankhya.com.br/mge/service.sbr?</msg>
<status status="PASS" starttime="20220803 21:28:35.757" endtime="20220803 21:28:35.883"/>
</kw>
<kw name="Set Test Variable" library="BuiltIn">
<arg>${payload}</arg>
<arg>${payload_string}</arg>
<doc>Makes a variable available everywhere within the scope of the current test.</doc>
<msg timestamp="20220803 21:28:36.032" level="INFO">${payload} = {
    "serviceName": "MobileLoginSP.login",
       "requestBody": {
            "NOMUSU": {
                "$": "sup"
            },
            "INTERNO":{
               "$":"atacado"
            }...</msg>
<status status="PASS" starttime="20220803 21:28:35.883" endtime="20220803 21:28:36.034"/>
</kw>
<kw name="Set Test Variable" library="BuiltIn">
<arg>${params}</arg>
<doc>Makes a variable available everywhere within the scope of the current test.</doc>
<msg timestamp="20220803 21:28:36.144" level="INFO">${params} = {'serviceName': 'MobileLoginSP.login', 'outputType': 'json'}</msg>
<status status="PASS" starttime="20220803 21:28:36.034" endtime="20220803 21:28:36.147"/>
</kw>
<kw name="Set Test Variable" library="BuiltIn">
<arg>${end_point}</arg>
<doc>Makes a variable available everywhere within the scope of the current test.</doc>
<msg timestamp="20220803 21:28:36.293" level="INFO">${end_point} = https://atacadistriborclhd411.qa.sankhya.com.br/mge/service.sbr?</msg>
<status status="PASS" starttime="20220803 21:28:36.148" endtime="20220803 21:28:36.296"/>
</kw>
<status status="PASS" starttime="20220803 21:28:34.894" endtime="20220803 21:28:36.296"/>
</kw>
<kw name="Quando envio essa requisicao de login" library="api_sankhya">
<kw name="POST" library="RequestsLibrary">
<var>${response}</var>
<arg>url=${end_point}</arg>
<arg>params=${params}</arg>
<arg>data=${payload}</arg>
<doc>Sends a POST request.</doc>
<msg timestamp="20220803 21:28:36.877" level="INFO">POST Request : url=https://atacadistriborclhd411.qa.sankhya.com.br/mge/service.sbr?serviceName=MobileLoginSP.login&amp;outputType=json 
 path_url=/mge/service.sbr?serviceName=MobileLoginSP.login&amp;outputType=json 
 headers={'User-Agent': 'python-requests/2.28.1', 'Accept-Encoding': 'gzip, deflate', 'Accept': '*/*', 'Connection': 'keep-alive', 'Content-Length': '279'} 
 body={
    "serviceName": "MobileLoginSP.login",
       "requestBody": {
            "NOMUSU": {
                "$": "sup"
            },
            "INTERNO":{
               "$":"atacado"
            },
           "KEEPCONNECTED": {
               "$": "S"
           }
       }
} 
 </msg>
<msg timestamp="20220803 21:28:36.881" level="INFO">POST Response : url=https://atacadistriborclhd411.qa.sankhya.com.br/mge/service.sbr?serviceName=MobileLoginSP.login&amp;outputType=json 
 status=200, reason=OK 
 headers={'Date': 'Thu, 04 Aug 2022 00:28:36 GMT', 'Content-Type': 'application/json;charset=ISO-8859-1', 'Content-Length': '340', 'Connection': 'keep-alive', 'Expires': 'Thu, 04 Aug 2022 00:28:36 GMT', 'Cache-Control': 'no-cache, no-store, must-revalidate', 'Set-Cookie': 'JSESSIONID=PpvUM7jGOTTwnHykJ6mYm4Mue5Z6B8efjTBZQomL.atacadistriborclhd411-sankhya-w-648dc68574-njznr; path=/mge', 'Pragma': 'no-cache', 'worker-thread': 'default task-34', 'x-elapsed-time': '28', 'max-age': 'Thu, 01 Jan 1970 00:00:00 GMT', 'X-Robots-Tag': 'noindex', 'Strict-Transport-Security': 'max-age=15724800; includeSubDomains', 'X-Forwarded-Proto': 'https', 'Content-Security-Policy': 'upgrade-insecure-requests'} 
 body={"serviceName":"MobileLoginSP.login","status":"1","pendingPrinting":"false","transactionId":"3AC89E78CC8A7EBDCF159583B9C6D532","responseBody":{"callID":{"$":"366CBEC03248FEFBCB1BFA0A477F4D0F"},"jsessionid":{"$":"PpvUM7jGOTTwnHykJ6mYm4Mue5Z6B8efjTBZQomL"},"kID":{"$":"RURGNzJFNDc4MDM2Q0RGNDU2RjExRkJFNzdGNUVDODk=\n"},"idusu":{"$":"MA==\n"}}} 
 </msg>
<msg timestamp="20220803 21:28:36.884" level="INFO">${response} = &lt;Response [200]&gt;</msg>
<status status="PASS" starttime="20220803 21:28:36.467" endtime="20220803 21:28:36.885"/>
</kw>
<kw name="Set Test Variable" library="BuiltIn">
<arg>${response}</arg>
<doc>Makes a variable available everywhere within the scope of the current test.</doc>
<msg timestamp="20220803 21:28:37.019" level="INFO">${response} = &lt;Response [200]&gt;</msg>
<status status="PASS" starttime="20220803 21:28:36.885" endtime="20220803 21:28:37.020"/>
</kw>
<status status="PASS" starttime="20220803 21:28:36.296" endtime="20220803 21:28:37.021"/>
</kw>
<kw name="Adicionar parametro jsseion e atualizar session name" library="api_sankhya">
<kw name="Set To Dictionary" library="Collections">
<arg>${params}</arg>
<arg>mgeSession=${response.json()}[responseBody][jsessionid][$]</arg>
<doc>Adds the given ``key_value_pairs`` and ``items`` to the ``dictionary``.</doc>
<status status="PASS" starttime="20220803 21:28:37.190" endtime="20220803 21:28:37.699"/>
</kw>
<kw name="Set To Dictionary" library="Collections">
<arg>${params}</arg>
<arg>serviceName=CACSP.incluirNota</arg>
<doc>Adds the given ``key_value_pairs`` and ``items`` to the ``dictionary``.</doc>
<status status="PASS" starttime="20220803 21:28:37.700" endtime="20220803 21:28:37.920"/>
</kw>
<status status="PASS" starttime="20220803 21:28:37.021" endtime="20220803 21:28:37.921"/>
</kw>
<status status="PASS" starttime="20220803 21:28:33.894" endtime="20220803 21:28:37.921"/>
</kw>
<kw name="Quando crio um pedido" library="api_sankhya">
<kw name="Get File" library="OperatingSystem">
<var>${payload_pedido}</var>
<arg>./resource/api/pedido.json</arg>
<doc>Returns the contents of a specified file.</doc>
<msg timestamp="20220803 21:28:38.959" level="INFO" html="true">Getting file '&lt;a href="file://C:\temp\TreinamentoRobot\sankhya_treinamento_robot_framework\resource\api\pedido.json"&gt;C:\temp\TreinamentoRobot\sankhya_treinamento_robot_framework\resource\api\pedido.json&lt;/a&gt;'.</msg>
<msg timestamp="20220803 21:28:38.962" level="INFO">${payload_pedido} = {
	"serviceName": "CACSP.incluirNota",
	"requestBody": {
		"nota": {
			"cabecalho": {
				"NUNOTA": {},
				"CODPARC": {
					"$": "700"
				},
				"DTNEG": {
					"$": "03/08/2022"
				},
				"CODTI...</msg>
<status status="PASS" starttime="20220803 21:28:38.136" endtime="20220803 21:28:38.964"/>
</kw>
<kw name="Catenate" library="BuiltIn">
<var>${end_point}</var>
<arg>${url_base}${path_params.com}</arg>
<doc>Catenates the given items together and returns the resulted string.</doc>
<msg timestamp="20220803 21:28:39.729" level="INFO">${end_point} = https://atacadistriborclhd411.qa.sankhya.com.br/mgecom/service.sbr?</msg>
<status status="PASS" starttime="20220803 21:28:38.964" endtime="20220803 21:28:39.731"/>
</kw>
<kw name="POST" library="RequestsLibrary">
<var>${response_pedido}</var>
<arg>url=${end_point}</arg>
<arg>params=${params}</arg>
<arg>data=${payload_pedido}</arg>
<doc>Sends a POST request.</doc>
<msg timestamp="20220803 21:28:41.570" level="INFO">POST Request : url=https://atacadistriborclhd411.qa.sankhya.com.br/mgecom/service.sbr?serviceName=CACSP.incluirNota&amp;outputType=json&amp;mgeSession=PpvUM7jGOTTwnHykJ6mYm4Mue5Z6B8efjTBZQomL 
 path_url=/mgecom/service.sbr?serviceName=CACSP.incluirNota&amp;outputType=json&amp;mgeSession=PpvUM7jGOTTwnHykJ6mYm4Mue5Z6B8efjTBZQomL 
 headers={'User-Agent': 'python-requests/2.28.1', 'Accept-Encoding': 'gzip, deflate', 'Accept': '*/*', 'Connection': 'keep-alive', 'Content-Length': '833'} 
 body={
	"serviceName": "CACSP.incluirNota",
	"requestBody": {
		"nota": {
			"cabecalho": {
				"NUNOTA": {},
				"CODPARC": {
					"$": "700"
				},
				"DTNEG": {
					"$": "03/08/2022"
				},
				"CODTIPOPER": {
					"$": "2000"
				},
				"CODTIPVENDA": {
					"$": "200"
				},
				"CODVEND": {
					"$": ""
				},
				"CODEMP": {
					"$": "1"
				},
		
				"TIPMOV": {
					"$": "P"
				},
				"CODNAT": {
					"$": "1010000"
				},
				"CODCENCUS": {
					"$": "10200"
				}
			},
			"itens": {
				"INFORMARPRECO": "False",
				"item": [
					{
						"NUNOTA": {},
						"CODPROD": {
							"$": "501"
						},
						"QTDNEG": {
							"$": "1"
						},
						"CODLOCALORIG": {
							"$": "6100"
						},
						"CONTROLE":{
								"$": "HORTELA"
						},	
						"CODVOL": {
								"$": "UN"
						}	
					}
				]
			}
		}
	}
} 
 </msg>
<msg timestamp="20220803 21:28:41.582" level="INFO">POST Response : url=https://atacadistriborclhd411.qa.sankhya.com.br/mgecom/service.sbr?serviceName=CACSP.incluirNota&amp;outputType=json&amp;mgeSession=PpvUM7jGOTTwnHykJ6mYm4Mue5Z6B8efjTBZQomL 
 status=200, reason=OK 
 headers={'Date': 'Thu, 04 Aug 2022 00:28:40 GMT', 'Content-Type': 'application/json;charset=ISO-8859-1', 'Content-Length': '171', 'Connection': 'keep-alive', 'Expires': 'Thu, 04 Aug 2022 00:28:40 GMT', 'Cache-Control': 'no-cache, no-store, must-revalidate', 'Set-Cookie': 'JSESSIONID=MO6TDHxrxH2C9NDKNONhfrpoWzaqClYOlYecDT-p.atacadistriborclhd411-sankhya-w-648dc68574-njznr; path=/mgecom', 'Pragma': 'no-cache', 'worker-thread': 'default task-34', 'x-elapsed-time': '526', 'max-age': 'Thu, 01 Jan 1970 00:00:00 GMT', 'X-Robots-Tag': 'noindex', 'Strict-Transport-Security': 'max-age=15724800; includeSubDomains', 'X-Forwarded-Proto': 'https', 'Content-Security-Policy': 'upgrade-insecure-requests'} 
 body={"serviceName":"CACSP.incluirNota","status":"1","pendingPrinting":"false","transactionId":"3CB457905C05AF7E00E3D3EA662E1731","responseBody":{"pk":{"NUNOTA":{"$":"5757"}}}} 
 </msg>
<msg timestamp="20220803 21:28:41.588" level="INFO">${response_pedido} = &lt;Response [200]&gt;</msg>
<status status="PASS" starttime="20220803 21:28:39.732" endtime="20220803 21:28:41.591"/>
</kw>
<kw name="Set Test Variable" library="BuiltIn">
<arg>${response_pedido}</arg>
<doc>Makes a variable available everywhere within the scope of the current test.</doc>
<msg timestamp="20220803 21:28:42.289" level="INFO">${response_pedido} = &lt;Response [200]&gt;</msg>
<status status="PASS" starttime="20220803 21:28:41.592" endtime="20220803 21:28:42.290"/>
</kw>
<status status="PASS" starttime="20220803 21:28:37.923" endtime="20220803 21:28:42.290"/>
</kw>
<kw name="Entao valido um pedido XPTO" library="api_sankhya">
<kw name="Set Variable" library="BuiltIn">
<var>${status_pedido}</var>
<arg>${response_pedido.json()}[status]</arg>
<doc>Returns the given values which can then be assigned to a variables.</doc>
<msg timestamp="20220803 21:28:45.269" level="INFO">${status_pedido} = 1</msg>
<status status="PASS" starttime="20220803 21:28:43.563" endtime="20220803 21:28:45.270"/>
</kw>
<kw name="Should Be Equal As Strings" library="BuiltIn">
<arg>1</arg>
<arg>${status_pedido}</arg>
<doc>Fails if objects are unequal after converting them to strings.</doc>
<status status="PASS" starttime="20220803 21:28:45.271" endtime="20220803 21:28:46.334"/>
</kw>
<status status="PASS" starttime="20220803 21:28:42.291" endtime="20220803 21:28:46.335"/>
</kw>
<status status="PASS" starttime="20220803 21:28:33.892" endtime="20220803 21:28:46.337"/>
</test>
<status status="PASS" starttime="20220803 21:28:33.755" endtime="20220803 21:28:46.341"/>
</suite>
<status status="PASS" starttime="20220803 21:28:33.752" endtime="20220803 21:28:46.347"/>
</suite>
<status status="PASS" starttime="20220803 21:28:33.724" endtime="20220803 21:28:46.350"/>
</suite>
<statistics>
<total>
<stat pass="1" fail="0" skip="0">All Tests</stat>
</total>
<tag>
</tag>
<suite>
<stat pass="1" fail="0" skip="0" id="s1" name="Sankhya Treinamento Robot Framework">Sankhya Treinamento Robot Framework</stat>
<stat pass="1" fail="0" skip="0" id="s1-s1" name="Test">Sankhya Treinamento Robot Framework.Test</stat>
<stat pass="1" fail="0" skip="0" id="s1-s1-s1" name="Api Sankhya">Sankhya Treinamento Robot Framework.Test.Api Sankhya</stat>
</suite>
</statistics>
<errors>
</errors>
</robot>
