<?xml version="1.0" encoding="UTF-8"?>
<robot generator="Robot 5.0.1 (Python 3.10.5 on win32)" generated="20220804 20:36:59.647" rpa="false" schemaversion="3">
<suite id="s1" name="Web" source="C:\temp\TreinamentoRobot\sankhya_treinamento_robot_framework\test\web.robot">
<test id="s1-t1" name="Login no sankhyaOm" line="36">
<kw name="Dado que estou com o navegador aberto na pagina da Sankhya">
<kw name="Open Browser" library="SeleniumLibrary">
<arg>url=${url}</arg>
<arg>browser=gc</arg>
<doc>Opens a new browser instance to the optional ``url``.</doc>
<msg timestamp="20220804 20:36:59.888" level="INFO">Opening browser 'gc' to base url 'https://atacadistriborclhd411.qa.sankhya.com.br/mge'.</msg>
<status status="PASS" starttime="20220804 20:36:59.888" endtime="20220804 20:37:04.628"/>
</kw>
<kw name="Maximize Browser Window" library="SeleniumLibrary">
<doc>Maximizes current browser window.</doc>
<status status="PASS" starttime="20220804 20:37:04.628" endtime="20220804 20:37:04.757"/>
</kw>
<status status="PASS" starttime="20220804 20:36:59.888" endtime="20220804 20:37:04.757"/>
</kw>
<kw name="Quando realizo o login">
<kw name="Wait Until Element Is Visible" library="SeleniumLibrary">
<arg>${campo_usuario}</arg>
<doc>Waits until the element ``locator`` is visible.</doc>
<status status="PASS" starttime="20220804 20:37:04.759" endtime="20220804 20:37:04.793"/>
</kw>
<kw name="Input Text" library="SeleniumLibrary">
<arg>${campo_usuario}</arg>
<arg>${usuario}</arg>
<doc>Types the given ``text`` into the text field identified by ``locator``.</doc>
<msg timestamp="20220804 20:37:04.793" level="INFO">Typing text 'sup' into text field '//input[@id='login']'.</msg>
<status status="PASS" starttime="20220804 20:37:04.793" endtime="20220804 20:37:04.867"/>
</kw>
<kw name="Wait Until Element Is Visible" library="SeleniumLibrary">
<arg>${campo_senha}</arg>
<doc>Waits until the element ``locator`` is visible.</doc>
<status status="PASS" starttime="20220804 20:37:04.867" endtime="20220804 20:37:04.893"/>
</kw>
<kw name="Input Text" library="SeleniumLibrary">
<arg>${campo_senha}</arg>
<arg>${senha}</arg>
<doc>Types the given ``text`` into the text field identified by ``locator``.</doc>
<msg timestamp="20220804 20:37:04.894" level="INFO">Typing text 'atacado' into text field 'password'.</msg>
<status status="PASS" starttime="20220804 20:37:04.894" endtime="20220804 20:37:04.987"/>
</kw>
<kw name="Wait Until Element Is Visible" library="SeleniumLibrary">
<arg>${botao_logar}</arg>
<doc>Waits until the element ``locator`` is visible.</doc>
<status status="PASS" starttime="20220804 20:37:04.987" endtime="20220804 20:37:05.004"/>
</kw>
<kw name="Click Button" library="SeleniumLibrary">
<arg>${botao_logar}</arg>
<doc>Clicks the button identified by ``locator``.</doc>
<msg timestamp="20220804 20:37:05.005" level="INFO">Clicking button '//button[@class='btn-login']'.</msg>
<status status="PASS" starttime="20220804 20:37:05.004" endtime="20220804 20:37:05.054"/>
</kw>
<status status="PASS" starttime="20220804 20:37:04.758" endtime="20220804 20:37:05.054"/>
</kw>
<kw name="Entao valido que estou logado">
<kw name="Wait Until Page Contains Element" library="SeleniumLibrary">
<arg>${validar_login}</arg>
<arg>15</arg>
<doc>Waits until the element ``locator`` appears on the current page.</doc>
<msg timestamp="20220804 20:37:46.083" level="WARN">Keyword 'Capture Page Screenshot' could not be run on failure: Message: no such window: target window already closed
from unknown error: web view not found
  (Session info: chrome=103.0.5060.114)
Stacktrace:
Backtrace:
	Ordinal0 [0x00655FD3+2187219]
	Ordinal0 [0x005EE6D1+1763025]
	Ordinal0 [0x00503E78+802424]
	Ordinal0 [0x004EC680+706176]
	Ordinal0 [0x0054F519+1111321]
	Ordinal0 [0x0055C762+1165154]
	Ordinal0 [0x0054C9A6+1100198]
	Ordinal0 [0x00526F80+946048]
	Ordinal0 [0x00527E76+949878]
	GetHandleVerifier [0x008F90C2+2721218]
	GetHandleVerifier [0x008EAAF0+2662384]
	GetHandleVerifier [0x006E137A+526458]
	GetHandleVerifier [0x006E0416+522518]
	Ordinal0 [0x005F4EAB+1789611]
	Ordinal0 [0x005F97A8+1808296]
	Ordinal0 [0x005F9895+1808533]
	Ordinal0 [0x006026C1+1844929]
	BaseThreadInitThunk [0x76606739+25]
	RtlGetFullPathName_UEx [0x77B08FEF+1215]
	RtlGetFullPathName_UEx [0x77B08FBD+1165]
</msg>
<msg timestamp="20220804 20:37:46.090" level="FAIL">Element '//img[contains(@src,"evo-wallpaper")]' did not appear in 15 seconds.</msg>
<status status="FAIL" starttime="20220804 20:37:05.056" endtime="20220804 20:37:46.091"/>
</kw>
<status status="FAIL" starttime="20220804 20:37:05.054" endtime="20220804 20:37:46.093"/>
</kw>
<kw name="Close Browser" library="SeleniumLibrary" type="TEARDOWN">
<doc>Closes the current browser.</doc>
<status status="PASS" starttime="20220804 20:37:46.095" endtime="20220804 20:37:48.163"/>
</kw>
<status status="FAIL" starttime="20220804 20:36:59.887" endtime="20220804 20:37:48.164">Element '//img[contains(@src,"evo-wallpaper")]' did not appear in 15 seconds.</status>
</test>
<status status="FAIL" starttime="20220804 20:36:59.648" endtime="20220804 20:37:48.168"/>
</suite>
<statistics>
<total>
<stat pass="0" fail="1" skip="0">All Tests</stat>
</total>
<tag>
</tag>
<suite>
<stat pass="0" fail="1" skip="0" id="s1" name="Web">Web</stat>
</suite>
</statistics>
<errors>
<msg timestamp="20220804 20:37:46.083" level="WARN">Keyword 'Capture Page Screenshot' could not be run on failure: Message: no such window: target window already closed
from unknown error: web view not found
  (Session info: chrome=103.0.5060.114)
Stacktrace:
Backtrace:
	Ordinal0 [0x00655FD3+2187219]
	Ordinal0 [0x005EE6D1+1763025]
	Ordinal0 [0x00503E78+802424]
	Ordinal0 [0x004EC680+706176]
	Ordinal0 [0x0054F519+1111321]
	Ordinal0 [0x0055C762+1165154]
	Ordinal0 [0x0054C9A6+1100198]
	Ordinal0 [0x00526F80+946048]
	Ordinal0 [0x00527E76+949878]
	GetHandleVerifier [0x008F90C2+2721218]
	GetHandleVerifier [0x008EAAF0+2662384]
	GetHandleVerifier [0x006E137A+526458]
	GetHandleVerifier [0x006E0416+522518]
	Ordinal0 [0x005F4EAB+1789611]
	Ordinal0 [0x005F97A8+1808296]
	Ordinal0 [0x005F9895+1808533]
	Ordinal0 [0x006026C1+1844929]
	BaseThreadInitThunk [0x76606739+25]
	RtlGetFullPathName_UEx [0x77B08FEF+1215]
	RtlGetFullPathName_UEx [0x77B08FBD+1165]
</msg>
</errors>
</robot>
