<?xml version="1.0" encoding="UTF-8"?>
<robot generator="Robot 5.0.1 (Python 3.10.5 on win32)" generated="20220803 21:29:19.420" rpa="false" schemaversion="3">
<suite id="s1" name="Api Sankhya" source="C:\temp\TreinamentoRobot\sankhya_treinamento_robot_framework\test\api_sankhya.robot">
<test id="s1-t1" name="Efetuar login no Sankhya" line="7">
<kw name="Dado que tem as configuracoes da requisicao" library="api_sankhya">
<kw name="Get File" library="OperatingSystem">
<var>${payload_string}</var>
<arg>./resource/api/login.json</arg>
<doc>Returns the contents of a specified file.</doc>
<msg timestamp="20220803 21:29:19.550" level="INFO" html="true">Getting file '&lt;a href="file://C:\temp\TreinamentoRobot\sankhya_treinamento_robot_framework\resource\api\login.json"&gt;C:\temp\TreinamentoRobot\sankhya_treinamento_robot_framework\resource\api\login.json&lt;/a&gt;'.</msg>
<msg timestamp="20220803 21:29:19.551" level="INFO">${payload_string} = {
    "serviceName": "MobileLoginSP.login",
       "requestBody": {
            "NOMUSU": {
                "$": "sup"
            },
            "INTERNO":{
               "$":"atacado"
            }...</msg>
<status status="PASS" starttime="20220803 21:29:19.550" endtime="20220803 21:29:19.551"/>
</kw>
<kw name="Create Dictionary" library="BuiltIn">
<var>${params}</var>
<arg>serviceName=MobileLoginSP.login</arg>
<arg>outputType=json</arg>
<doc>Creates and returns a dictionary based on the given ``items``.</doc>
<msg timestamp="20220803 21:29:19.551" level="INFO">${params} = {'serviceName': 'MobileLoginSP.login', 'outputType': 'json'}</msg>
<status status="PASS" starttime="20220803 21:29:19.551" endtime="20220803 21:29:19.551"/>
</kw>
<kw name="Catenate" library="BuiltIn">
<var>${end_point}</var>
<arg>${url_base}${path_params.geral}</arg>
<doc>Catenates the given items together and returns the resulted string.</doc>
<msg timestamp="20220803 21:29:19.552" level="INFO">${end_point} = https://atacadistriborclhd411.qa.sankhya.com.br/mge/service.sbr?</msg>
<status status="PASS" starttime="20220803 21:29:19.551" endtime="20220803 21:29:19.552"/>
</kw>
<kw name="Set Test Variable" library="BuiltIn">
<arg>${payload}</arg>
<arg>${payload_string}</arg>
<doc>Makes a variable available everywhere within the scope of the current test.</doc>
<msg timestamp="20220803 21:29:19.553" level="INFO">${payload} = {
    "serviceName": "MobileLoginSP.login",
       "requestBody": {
            "NOMUSU": {
                "$": "sup"
            },
            "INTERNO":{
               "$":"atacado"
            }...</msg>
<status status="PASS" starttime="20220803 21:29:19.552" endtime="20220803 21:29:19.553"/>
</kw>
<kw name="Set Test Variable" library="BuiltIn">
<arg>${params}</arg>
<doc>Makes a variable available everywhere within the scope of the current test.</doc>
<msg timestamp="20220803 21:29:19.553" level="INFO">${params} = {'serviceName': 'MobileLoginSP.login', 'outputType': 'json'}</msg>
<status status="PASS" starttime="20220803 21:29:19.553" endtime="20220803 21:29:19.553"/>
</kw>
<kw name="Set Test Variable" library="BuiltIn">
<arg>${end_point}</arg>
<doc>Makes a variable available everywhere within the scope of the current test.</doc>
<msg timestamp="20220803 21:29:19.554" level="INFO">${end_point} = https://atacadistriborclhd411.qa.sankhya.com.br/mge/service.sbr?</msg>
<status status="PASS" starttime="20220803 21:29:19.553" endtime="20220803 21:29:19.554"/>
</kw>
<status status="PASS" starttime="20220803 21:29:19.550" endtime="20220803 21:29:19.554"/>
</kw>
<kw name="Quando envio essa requisicao de login" library="api_sankhya">
<kw name="POST" library="RequestsLibrary">
<var>${response}</var>
<arg>url=${end_point}</arg>
<arg>params=${params}</arg>
<arg>data=${payload}</arg>
<doc>Sends a POST request.</doc>
<msg timestamp="20220803 21:29:19.890" level="INFO">POST Request : url=https://atacadistriborclhd411.qa.sankhya.com.br/mge/service.sbr?serviceName=MobileLoginSP.login&amp;outputType=json 
 path_url=/mge/service.sbr?serviceName=MobileLoginSP.login&amp;outputType=json 
 headers={'User-Agent': 'python-requests/2.28.1', 'Accept-Encoding': 'gzip, deflate', 'Accept': '*/*', 'Connection': 'keep-alive', 'Content-Length': '279'} 
 body={
    "serviceName": "MobileLoginSP.login",
       "requestBody": {
            "NOMUSU": {
                "$": "sup"
            },
            "INTERNO":{
               "$":"atacado"
            },
           "KEEPCONNECTED": {
               "$": "S"
           }
       }
} 
 </msg>
<msg timestamp="20220803 21:29:19.890" level="INFO">POST Response : url=https://atacadistriborclhd411.qa.sankhya.com.br/mge/service.sbr?serviceName=MobileLoginSP.login&amp;outputType=json 
 status=200, reason=OK 
 headers={'Date': 'Thu, 04 Aug 2022 00:29:19 GMT', 'Content-Type': 'application/json;charset=ISO-8859-1', 'Content-Length': '340', 'Connection': 'keep-alive', 'Expires': 'Thu, 04 Aug 2022 00:29:19 GMT', 'Cache-Control': 'no-cache, no-store, must-revalidate', 'Set-Cookie': 'JSESSIONID=yEyE7bfMnBBcyjuWpPw8TsPe0eyu9PKbY6PSpOMl.atacadistriborclhd411-sankhya-w-648dc68574-njznr; path=/mge', 'Pragma': 'no-cache', 'worker-thread': 'default task-34', 'x-elapsed-time': '32', 'max-age': 'Thu, 01 Jan 1970 00:00:00 GMT', 'X-Robots-Tag': 'noindex', 'Strict-Transport-Security': 'max-age=15724800; includeSubDomains', 'X-Forwarded-Proto': 'https', 'Content-Security-Policy': 'upgrade-insecure-requests'} 
 body={"serviceName":"MobileLoginSP.login","status":"1","pendingPrinting":"false","transactionId":"2E7A02661B3CAA4350471E644EE359BB","responseBody":{"callID":{"$":"1A97F98C7C6CAC413A362C7FCC551958"},"jsessionid":{"$":"yEyE7bfMnBBcyjuWpPw8TsPe0eyu9PKbY6PSpOMl"},"kID":{"$":"NTQ2MzQ2RjNEMkU1NzQ5OEU2MTM4NDExRUU1QjU1QUY=\n"},"idusu":{"$":"MA==\n"}}} 
 </msg>
<msg timestamp="20220803 21:29:19.900" level="INFO">${response} = &lt;Response [200]&gt;</msg>
<status status="PASS" starttime="20220803 21:29:19.555" endtime="20220803 21:29:19.900"/>
</kw>
<kw name="Set Test Variable" library="BuiltIn">
<arg>${response}</arg>
<doc>Makes a variable available everywhere within the scope of the current test.</doc>
<msg timestamp="20220803 21:29:19.900" level="INFO">${response} = &lt;Response [200]&gt;</msg>
<status status="PASS" starttime="20220803 21:29:19.900" endtime="20220803 21:29:19.900"/>
</kw>
<status status="PASS" starttime="20220803 21:29:19.554" endtime="20220803 21:29:19.900"/>
</kw>
<status status="PASS" starttime="20220803 21:29:19.549" endtime="20220803 21:29:19.900"/>
</test>
<test id="s1-t2" name="Criar um pedido" line="12">
<kw name="Dado que eu estou logado" library="api_sankhya">
<kw name="Dado que tem as configuracoes da requisicao" library="api_sankhya">
<kw name="Get File" library="OperatingSystem">
<var>${payload_string}</var>
<arg>./resource/api/login.json</arg>
<doc>Returns the contents of a specified file.</doc>
<msg timestamp="20220803 21:29:19.911" level="INFO" html="true">Getting file '&lt;a href="file://C:\temp\TreinamentoRobot\sankhya_treinamento_robot_framework\resource\api\login.json"&gt;C:\temp\TreinamentoRobot\sankhya_treinamento_robot_framework\resource\api\login.json&lt;/a&gt;'.</msg>
<msg timestamp="20220803 21:29:19.911" level="INFO">${payload_string} = {
    "serviceName": "MobileLoginSP.login",
       "requestBody": {
            "NOMUSU": {
                "$": "sup"
            },
            "INTERNO":{
               "$":"atacado"
            }...</msg>
<status status="PASS" starttime="20220803 21:29:19.910" endtime="20220803 21:29:19.912"/>
</kw>
<kw name="Create Dictionary" library="BuiltIn">
<var>${params}</var>
<arg>serviceName=MobileLoginSP.login</arg>
<arg>outputType=json</arg>
<doc>Creates and returns a dictionary based on the given ``items``.</doc>
<msg timestamp="20220803 21:29:19.912" level="INFO">${params} = {'serviceName': 'MobileLoginSP.login', 'outputType': 'json'}</msg>
<status status="PASS" starttime="20220803 21:29:19.912" endtime="20220803 21:29:19.913"/>
</kw>
<kw name="Catenate" library="BuiltIn">
<var>${end_point}</var>
<arg>${url_base}${path_params.geral}</arg>
<doc>Catenates the given items together and returns the resulted string.</doc>
<msg timestamp="20220803 21:29:19.914" level="INFO">${end_point} = https://atacadistriborclhd411.qa.sankhya.com.br/mge/service.sbr?</msg>
<status status="PASS" starttime="20220803 21:29:19.913" endtime="20220803 21:29:19.914"/>
</kw>
<kw name="Set Test Variable" library="BuiltIn">
<arg>${payload}</arg>
<arg>${payload_string}</arg>
<doc>Makes a variable available everywhere within the scope of the current test.</doc>
<msg timestamp="20220803 21:29:19.915" level="INFO">${payload} = {
    "serviceName": "MobileLoginSP.login",
       "requestBody": {
            "NOMUSU": {
                "$": "sup"
            },
            "INTERNO":{
               "$":"atacado"
            }...</msg>
<status status="PASS" starttime="20220803 21:29:19.914" endtime="20220803 21:29:19.915"/>
</kw>
<kw name="Set Test Variable" library="BuiltIn">
<arg>${params}</arg>
<doc>Makes a variable available everywhere within the scope of the current test.</doc>
<msg timestamp="20220803 21:29:19.916" level="INFO">${params} = {'serviceName': 'MobileLoginSP.login', 'outputType': 'json'}</msg>
<status status="PASS" starttime="20220803 21:29:19.915" endtime="20220803 21:29:19.916"/>
</kw>
<kw name="Set Test Variable" library="BuiltIn">
<arg>${end_point}</arg>
<doc>Makes a variable available everywhere within the scope of the current test.</doc>
<msg timestamp="20220803 21:29:19.917" level="INFO">${end_point} = https://atacadistriborclhd411.qa.sankhya.com.br/mge/service.sbr?</msg>
<status status="PASS" starttime="20220803 21:29:19.916" endtime="20220803 21:29:19.917"/>
</kw>
<status status="PASS" starttime="20220803 21:29:19.909" endtime="20220803 21:29:19.917"/>
</kw>
<kw name="Quando envio essa requisicao de login" library="api_sankhya">
<kw name="POST" library="RequestsLibrary">
<var>${response}</var>
<arg>url=${end_point}</arg>
<arg>params=${params}</arg>
<arg>data=${payload}</arg>
<doc>Sends a POST request.</doc>
<msg timestamp="20220803 21:29:20.191" level="INFO">POST Request : url=https://atacadistriborclhd411.qa.sankhya.com.br/mge/service.sbr?serviceName=MobileLoginSP.login&amp;outputType=json 
 path_url=/mge/service.sbr?serviceName=MobileLoginSP.login&amp;outputType=json 
 headers={'User-Agent': 'python-requests/2.28.1', 'Accept-Encoding': 'gzip, deflate', 'Accept': '*/*', 'Connection': 'keep-alive', 'Content-Length': '279'} 
 body={
    "serviceName": "MobileLoginSP.login",
       "requestBody": {
            "NOMUSU": {
                "$": "sup"
            },
            "INTERNO":{
               "$":"atacado"
            },
           "KEEPCONNECTED": {
               "$": "S"
           }
       }
} 
 </msg>
<msg timestamp="20220803 21:29:20.191" level="INFO">POST Response : url=https://atacadistriborclhd411.qa.sankhya.com.br/mge/service.sbr?serviceName=MobileLoginSP.login&amp;outputType=json 
 status=200, reason=OK 
 headers={'Date': 'Thu, 04 Aug 2022 00:29:19 GMT', 'Content-Type': 'application/json;charset=ISO-8859-1', 'Content-Length': '340', 'Connection': 'keep-alive', 'Expires': 'Thu, 04 Aug 2022 00:29:19 GMT', 'Cache-Control': 'no-cache, no-store, must-revalidate', 'Set-Cookie': 'JSESSIONID=UWf4SZUe2AzihpFEYRDgZDhF0uTu8AUUJVvpUoL_.atacadistriborclhd411-sankhya-w-648dc68574-njznr; path=/mge', 'Pragma': 'no-cache', 'worker-thread': 'default task-34', 'x-elapsed-time': '24', 'max-age': 'Thu, 01 Jan 1970 00:00:00 GMT', 'X-Robots-Tag': 'noindex', 'Strict-Transport-Security': 'max-age=15724800; includeSubDomains', 'X-Forwarded-Proto': 'https', 'Content-Security-Policy': 'upgrade-insecure-requests'} 
 body={"serviceName":"MobileLoginSP.login","status":"1","pendingPrinting":"false","transactionId":"F8E16C02A1D1967D8C1B684FA2BA6745","responseBody":{"callID":{"$":"21A3A3A6BD757912A2DC7527CEC281DA"},"jsessionid":{"$":"UWf4SZUe2AzihpFEYRDgZDhF0uTu8AUUJVvpUoL_"},"kID":{"$":"MDRCREM1QjUyRjcyQTg4RDIyNDZFRTA3REM5MDFCNTM=\n"},"idusu":{"$":"MA==\n"}}} 
 </msg>
<msg timestamp="20220803 21:29:20.192" level="INFO">${response} = &lt;Response [200]&gt;</msg>
<status status="PASS" starttime="20220803 21:29:19.918" endtime="20220803 21:29:20.192"/>
</kw>
<kw name="Set Test Variable" library="BuiltIn">
<arg>${response}</arg>
<doc>Makes a variable available everywhere within the scope of the current test.</doc>
<msg timestamp="20220803 21:29:20.192" level="INFO">${response} = &lt;Response [200]&gt;</msg>
<status status="PASS" starttime="20220803 21:29:20.192" endtime="20220803 21:29:20.192"/>
</kw>
<status status="PASS" starttime="20220803 21:29:19.917" endtime="20220803 21:29:20.193"/>
</kw>
<kw name="Adicionar parametro jsseion e atualizar session name" library="api_sankhya">
<kw name="Set To Dictionary" library="Collections">
<arg>${params}</arg>
<arg>mgeSession=${response.json()}[responseBody][jsessionid][$]</arg>
<doc>Adds the given ``key_value_pairs`` and ``items`` to the ``dictionary``.</doc>
<status status="PASS" starttime="20220803 21:29:20.193" endtime="20220803 21:29:20.193"/>
</kw>
<kw name="Set To Dictionary" library="Collections">
<arg>${params}</arg>
<arg>serviceName=CACSP.incluirNota</arg>
<doc>Adds the given ``key_value_pairs`` and ``items`` to the ``dictionary``.</doc>
<status status="PASS" starttime="20220803 21:29:20.193" endtime="20220803 21:29:20.193"/>
</kw>
<status status="PASS" starttime="20220803 21:29:20.193" endtime="20220803 21:29:20.193"/>
</kw>
<status status="PASS" starttime="20220803 21:29:19.908" endtime="20220803 21:29:20.193"/>
</kw>
<kw name="Quando crio um pedido" library="api_sankhya">
<kw name="Get File" library="OperatingSystem">
<var>${payload_pedido}</var>
<arg>./resource/api/pedido.json</arg>
<doc>Returns the contents of a specified file.</doc>
<msg timestamp="20220803 21:29:20.196" level="INFO" html="true">Getting file '&lt;a href="file://C:\temp\TreinamentoRobot\sankhya_treinamento_robot_framework\resource\api\pedido.json"&gt;C:\temp\TreinamentoRobot\sankhya_treinamento_robot_framework\resource\api\pedido.json&lt;/a&gt;'.</msg>
<msg timestamp="20220803 21:29:20.196" level="INFO">${payload_pedido} = {
	"serviceName": "CACSP.incluirNota",
	"requestBody": {
		"nota": {
			"cabecalho": {
				"NUNOTA": {},
				"CODPARC": {
					"$": "700"
				},
				"DTNEG": {
					"$": "03/08/2022"
				},
				"CODTI...</msg>
<status status="PASS" starttime="20220803 21:29:20.196" endtime="20220803 21:29:20.197"/>
</kw>
<kw name="Catenate" library="BuiltIn">
<var>${end_point}</var>
<arg>${url_base}${path_params.com}</arg>
<doc>Catenates the given items together and returns the resulted string.</doc>
<msg timestamp="20220803 21:29:20.197" level="INFO">${end_point} = https://atacadistriborclhd411.qa.sankhya.com.br/mgecom/service.sbr?</msg>
<status status="PASS" starttime="20220803 21:29:20.197" endtime="20220803 21:29:20.197"/>
</kw>
<kw name="POST" library="RequestsLibrary">
<var>${response_pedido}</var>
<arg>url=${end_point}</arg>
<arg>params=${params}</arg>
<arg>data=${payload_pedido}</arg>
<doc>Sends a POST request.</doc>
<msg timestamp="20220803 21:29:20.819" level="INFO">POST Request : url=https://atacadistriborclhd411.qa.sankhya.com.br/mgecom/service.sbr?serviceName=CACSP.incluirNota&amp;outputType=json&amp;mgeSession=UWf4SZUe2AzihpFEYRDgZDhF0uTu8AUUJVvpUoL_ 
 path_url=/mgecom/service.sbr?serviceName=CACSP.incluirNota&amp;outputType=json&amp;mgeSession=UWf4SZUe2AzihpFEYRDgZDhF0uTu8AUUJVvpUoL_ 
 headers={'User-Agent': 'python-requests/2.28.1', 'Accept-Encoding': 'gzip, deflate', 'Accept': '*/*', 'Connection': 'keep-alive', 'Content-Length': '833'} 
 body={
	"serviceName": "CACSP.incluirNota",
	"requestBody": {
		"nota": {
			"cabecalho": {
				"NUNOTA": {},
				"CODPARC": {
					"$": "700"
				},
				"DTNEG": {
					"$": "03/08/2022"
				},
				"CODTIPOPER": {
					"$": "2000"
				},
				"CODTIPVENDA": {
					"$": "200"
				},
				"CODVEND": {
					"$": ""
				},
				"CODEMP": {
					"$": "1"
				},
		
				"TIPMOV": {
					"$": "P"
				},
				"CODNAT": {
					"$": "1010000"
				},
				"CODCENCUS": {
					"$": "10200"
				}
			},
			"itens": {
				"INFORMARPRECO": "False",
				"item": [
					{
						"NUNOTA": {},
						"CODPROD": {
							"$": "501"
						},
						"QTDNEG": {
							"$": "1"
						},
						"CODLOCALORIG": {
							"$": "6100"
						},
						"CONTROLE":{
								"$": "HORTELA"
						},	
						"CODVOL": {
								"$": "UN"
						}	
					}
				]
			}
		}
	}
} 
 </msg>
<msg timestamp="20220803 21:29:20.819" level="INFO">POST Response : url=https://atacadistriborclhd411.qa.sankhya.com.br/mgecom/service.sbr?serviceName=CACSP.incluirNota&amp;outputType=json&amp;mgeSession=UWf4SZUe2AzihpFEYRDgZDhF0uTu8AUUJVvpUoL_ 
 status=200, reason=OK 
 headers={'Date': 'Thu, 04 Aug 2022 00:29:20 GMT', 'Content-Type': 'application/json;charset=ISO-8859-1', 'Content-Length': '171', 'Connection': 'keep-alive', 'Expires': 'Thu, 04 Aug 2022 00:29:19 GMT', 'Cache-Control': 'no-cache, no-store, must-revalidate', 'Set-Cookie': 'JSESSIONID=0qfXURT5K2mtKG9KFVyrdk_umra13n84JqI2YDvB.atacadistriborclhd411-sankhya-w-648dc68574-njznr; path=/mgecom', 'Pragma': 'no-cache', 'worker-thread': 'default task-34', 'x-elapsed-time': '375', 'max-age': 'Thu, 01 Jan 1970 00:00:00 GMT', 'X-Robots-Tag': 'noindex', 'Strict-Transport-Security': 'max-age=15724800; includeSubDomains', 'X-Forwarded-Proto': 'https', 'Content-Security-Policy': 'upgrade-insecure-requests'} 
 body={"serviceName":"CACSP.incluirNota","status":"1","pendingPrinting":"false","transactionId":"01E33B3E95358F04A979CACBF3F6C0A7","responseBody":{"pk":{"NUNOTA":{"$":"5758"}}}} 
 </msg>
<msg timestamp="20220803 21:29:20.819" level="INFO">${response_pedido} = &lt;Response [200]&gt;</msg>
<status status="PASS" starttime="20220803 21:29:20.197" endtime="20220803 21:29:20.819"/>
</kw>
<kw name="Set Test Variable" library="BuiltIn">
<arg>${response_pedido}</arg>
<doc>Makes a variable available everywhere within the scope of the current test.</doc>
<msg timestamp="20220803 21:29:20.820" level="INFO">${response_pedido} = &lt;Response [200]&gt;</msg>
<status status="PASS" starttime="20220803 21:29:20.820" endtime="20220803 21:29:20.820"/>
</kw>
<status status="PASS" starttime="20220803 21:29:20.196" endtime="20220803 21:29:20.820"/>
</kw>
<kw name="Entao valido um pedido XPTO" library="api_sankhya">
<kw name="Set Variable" library="BuiltIn">
<var>${status_pedido}</var>
<arg>${response_pedido.json()}[status]</arg>
<doc>Returns the given values which can then be assigned to a variables.</doc>
<msg timestamp="20220803 21:29:20.824" level="INFO">${status_pedido} = 1</msg>
<status status="PASS" starttime="20220803 21:29:20.823" endtime="20220803 21:29:20.824"/>
</kw>
<kw name="Should Be Equal As Strings" library="BuiltIn">
<arg>1</arg>
<arg>${status_pedido}</arg>
<doc>Fails if objects are unequal after converting them to strings.</doc>
<status status="PASS" starttime="20220803 21:29:20.824" endtime="20220803 21:29:20.825"/>
</kw>
<status status="PASS" starttime="20220803 21:29:20.821" endtime="20220803 21:29:20.825"/>
</kw>
<status status="PASS" starttime="20220803 21:29:19.907" endtime="20220803 21:29:20.826"/>
</test>
<status status="PASS" starttime="20220803 21:29:19.420" endtime="20220803 21:29:20.828"/>
</suite>
<statistics>
<total>
<stat pass="2" fail="0" skip="0">All Tests</stat>
</total>
<tag>
</tag>
<suite>
<stat pass="2" fail="0" skip="0" id="s1" name="Api Sankhya">Api Sankhya</stat>
</suite>
</statistics>
<errors>
</errors>
</robot>
